<?xml version="1.0" encoding="UTF-8"?>
<!-- Generated by org.testng.reporters.JUnitXMLReporter -->
<testsuite ignored="0" hostname="LAPTOP-3NB5TF3S" failures="0" tests="2" name="BankingApp Test" time="56.792" errors="0" timestamp="13 Jan 2023 06:20:42 GMT">
  <testcase classname="com.inetBanking.testCases.TC_LoginTest_001" name="loginTest" time="5.73"/>
  <testcase classname="com.inetBanking.testCases.TC_AddCustomerTest_003" name="addNewCustomer" time="17.788"/>
</testsuite> <!-- BankingApp Test -->
