<?xml version="1.0" encoding="UTF-8"?>
<testng-results ignored="0" total="2" passed="2" failed="0" skipped="0">
  <reporter-output>
  </reporter-output>
  <suite started-at="2023-01-13T06:19:45Z" name="inetBankingV1" finished-at="2023-01-13T06:20:42Z" duration-ms="56792">
    <groups>
    </groups>
    <test started-at="2023-01-13T06:19:45Z" name="BankingApp Test" finished-at="2023-01-13T06:20:42Z" duration-ms="56792">
      <class name="com.inetBanking.testCases.TC_LoginTest_001">
        <test-method is-config="true" signature="setup(java.lang.String)[pri:0, instance:com.inetBanking.testCases.TC_LoginTest_001@8b87145]" started-at="2023-01-13T06:19:45Z" name="setup" finished-at="2023-01-13T06:20:01Z" duration-ms="15715" status="PASS">
          <params>
            <param index="0">
              <value>
                <![CDATA[chrome]]>
              </value>
            </param>
          </params>
          <reporter-output>
          </reporter-output>
        </test-method> <!-- setup -->
        <test-method signature="loginTest()[pri:0, instance:com.inetBanking.testCases.TC_LoginTest_001@8b87145]" started-at="2023-01-13T06:20:01Z" name="loginTest" finished-at="2023-01-13T06:20:07Z" duration-ms="5730" status="PASS">
          <reporter-output>
          </reporter-output>
        </test-method> <!-- loginTest -->
        <test-method is-config="true" signature="tearDown()[pri:0, instance:com.inetBanking.testCases.TC_LoginTest_001@8b87145]" started-at="2023-01-13T06:20:07Z" name="tearDown" finished-at="2023-01-13T06:20:07Z" duration-ms="151" status="PASS">
          <reporter-output>
          </reporter-output>
        </test-method> <!-- tearDown -->
      </class> <!-- com.inetBanking.testCases.TC_LoginTest_001 -->
      <class name="com.inetBanking.testCases.TC_AddCustomerTest_003">
        <test-method is-config="true" signature="setup(java.lang.String)[pri:0, instance:com.inetBanking.testCases.TC_AddCustomerTest_003@6483f5ae]" started-at="2023-01-13T06:20:07Z" name="setup" finished-at="2023-01-13T06:20:24Z" duration-ms="17105" status="PASS">
          <params>
            <param index="0">
              <value>
                <![CDATA[chrome]]>
              </value>
            </param>
          </params>
          <reporter-output>
          </reporter-output>
        </test-method> <!-- setup -->
        <test-method signature="addNewCustomer()[pri:0, instance:com.inetBanking.testCases.TC_AddCustomerTest_003@6483f5ae]" started-at="2023-01-13T06:20:24Z" name="addNewCustomer" finished-at="2023-01-13T06:20:42Z" duration-ms="17788" status="PASS">
          <reporter-output>
          </reporter-output>
        </test-method> <!-- addNewCustomer -->
        <test-method is-config="true" signature="tearDown()[pri:0, instance:com.inetBanking.testCases.TC_AddCustomerTest_003@6483f5ae]" started-at="2023-01-13T06:20:42Z" name="tearDown" finished-at="2023-01-13T06:20:42Z" duration-ms="139" status="PASS">
          <reporter-output>
          </reporter-output>
        </test-method> <!-- tearDown -->
      </class> <!-- com.inetBanking.testCases.TC_AddCustomerTest_003 -->
    </test> <!-- BankingApp Test -->
  </suite> <!-- inetBankingV1 -->
</testng-results>
